<?xml version="1.0" encoding="UTF-8"?>
<robot generator="Robot 6.0.2 (Python 3.9.13 on win32)" generated="20230220 20:02:34.598" rpa="false" schemaversion="3">
<suite id="s1" name="Cars" source="C:\development\robot-scripts\robotframework_course_test_automation_part_2-1\data-driven-ext-base\Tests\cars.robot">
<test id="s1-t1" name="Should see correct error messages with invalid logins" line="12">
<kw name="Begin Web Test" library="Common" type="SETUP">
<kw name="New Browser" library="Browser">
<arg>headless=False</arg>
<tag>BrowserControl</tag>
<tag>Setter</tag>
<doc>Create a new playwright Browser with specified options.</doc>
<msg timestamp="20230220 20:02:35.259" level="INFO">{"browser": "chromium", "headless": false, "devtools": false, "handleSIGHUP": true, "handleSIGINT": true, "handleSIGTERM": true, "slowMo": 0.0, "timeout": 30000.0, "deprecated_pos_args": [], "tracesDir": "C:\\development\\robot-scripts\\robotframework_course_test_automation_part_2-1\\data-driven-ext-base\\results\\browser\\traces\\c84fa2f8-1bb5-45e7-bc82-0601e057603c"}</msg>
<msg timestamp="20230220 20:02:35.468" level="INFO">Successfully created browser with options: {"browser":"chromium","headless":false,"devtools":false,"handleSIGHUP":true,"handleSIGINT":true,"handleSIGTERM":true,"slowMo":0,"timeout":30000,"deprecated_pos_args":[],"tracesDir":"C:\\development\\robot-scripts\\robotframework_course_test_automation_part_2-1\\data-driven-ext-base\\results\\browser\\traces\\c84fa2f8-1bb5-45e7-bc82-0601e057603c"}</msg>
<status status="PASS" starttime="20230220 20:02:35.258" endtime="20230220 20:02:35.469"/>
</kw>
<kw name="New Page" library="Browser">
<arg>https://www.cars.com/</arg>
<tag>BrowserControl</tag>
<tag>Setter</tag>
<doc>Open a new Page.</doc>
<msg timestamp="20230220 20:02:38.557" level="INFO">Successfully initialized new page object and opened url: https://www.cars.com/</msg>
<msg timestamp="20230220 20:02:38.557" level="INFO">No context was open. New context was automatically opened when this page is created.</msg>
<status status="PASS" starttime="20230220 20:02:35.469" endtime="20230220 20:02:38.557"/>
</kw>
<status status="PASS" starttime="20230220 20:02:35.258" endtime="20230220 20:02:38.557"/>
</kw>
<kw name="Get CSV Data" library="DataManager">
<var>${InvalidLoginScenaries}</var>
<arg>${INVALID_CREDENTIALS_PATH_CSV}</arg>
<kw name="Read Csv File" library="csv_reader">
<var>${Data}</var>
<arg>${FilePath}</arg>
<msg timestamp="20230220 20:02:38.559" level="INFO">${Data} = [['admin@robotframeworktutorial.com', '12345678', 'css=p.sds-notification__desc', 'Your email or password was not recognized. Try again soon.'], ['bryan@bryanlamb.com', 'TestPassword!', 'css=p.sds-not...</msg>
<status status="PASS" starttime="20230220 20:02:38.559" endtime="20230220 20:02:38.559"/>
</kw>
<msg timestamp="20230220 20:02:38.559" level="INFO">${InvalidLoginScenaries} = [['admin@robotframeworktutorial.com', '12345678', 'css=p.sds-notification__desc', 'Your email or password was not recognized. Try again soon.'], ['bryan@bryanlamb.com', 'TestPassword!', 'css=p.sds-not...</msg>
<status status="PASS" starttime="20230220 20:02:38.558" endtime="20230220 20:02:38.559"/>
</kw>
<kw name="Login With Many Invalid Credentials" library="CarsApp">
<arg>${InvalidLoginScenaries}</arg>
<for flavor="IN">
<var>${LoginScenario}</var>
<value>@{InvalidLoginScenaries}</value>
<iter>
<var name="${LoginScenario}">['admin@robotframeworktutorial.com', '12345678', 'css=p.sds-notification__desc', 'Your email or password was not recognized. Try again soon.']</var>
<kw name="Navigate to Sign In Page" library="CarsApp">
<kw name="Navigate To" library="SignIn">
<kw name="Click" library="Browser">
<arg>${MENU_BUTTON}</arg>
<tag>PageContent</tag>
<tag>Setter</tag>
<doc>Simulates mouse click on the element found by ``selector``.</doc>
<status status="PASS" starttime="20230220 20:02:38.560" endtime="20230220 20:02:38.729"/>
</kw>
<kw name="Click" library="Browser">
<arg>${SIGN_IN_BUTTON}</arg>
<tag>PageContent</tag>
<tag>Setter</tag>
<doc>Simulates mouse click on the element found by ``selector``.</doc>
<status status="PASS" starttime="20230220 20:02:38.729" endtime="20230220 20:02:38.871"/>
</kw>
<kw name="Sleep" library="BuiltIn">
<arg>3s</arg>
<doc>Pauses the test executed for the given time.</doc>
<msg timestamp="20230220 20:02:41.874" level="INFO">Slept 3 seconds</msg>
<status status="PASS" starttime="20230220 20:02:38.871" endtime="20230220 20:02:41.874"/>
</kw>
<status status="PASS" starttime="20230220 20:02:38.560" endtime="20230220 20:02:41.874"/>
</kw>
<status status="PASS" starttime="20230220 20:02:38.560" endtime="20230220 20:02:41.874"/>
</kw>
<kw name="Attempt Login" library="CarsApp">
<arg>${LoginScenario}</arg>
<kw name="Enter Credentials" library="SignIn">
<arg>${Credentials}</arg>
<kw name="Type Text" library="Browser">
<arg>${SIGN_IN_EMAIL}</arg>
<arg>${Credentials[0]}</arg>
<tag>PageContent</tag>
<tag>Setter</tag>
<doc>Types the given ``txt`` into the text field found by ``selector``.</doc>
<msg timestamp="20230220 20:02:41.876" level="INFO">Types the text 'admin@robotframeworktutorial.com' in the given field.</msg>
<status status="PASS" starttime="20230220 20:02:41.875" endtime="20230220 20:02:42.027"/>
</kw>
<kw name="Type Text" library="Browser">
<arg>${SIGN_IN_PASSWORD}</arg>
<arg>${Credentials[1]}</arg>
<tag>PageContent</tag>
<tag>Setter</tag>
<doc>Types the given ``txt`` into the text field found by ``selector``.</doc>
<msg timestamp="20230220 20:02:42.029" level="INFO">Types the text '12345678' in the given field.</msg>
<status status="PASS" starttime="20230220 20:02:42.028" endtime="20230220 20:02:42.082"/>
</kw>
<status status="PASS" starttime="20230220 20:02:41.875" endtime="20230220 20:02:42.082"/>
</kw>
<kw name="Click Submit" library="SignIn">
<kw name="Click" library="Browser">
<arg>${LOGIN_SUBMIT_BUTTON}</arg>
<tag>PageContent</tag>
<tag>Setter</tag>
<doc>Simulates mouse click on the element found by ``selector``.</doc>
<status status="PASS" starttime="20230220 20:02:42.082" endtime="20230220 20:02:43.095"/>
</kw>
<status status="PASS" starttime="20230220 20:02:42.082" endtime="20230220 20:02:43.095"/>
</kw>
<kw name="Sleep" library="BuiltIn">
<arg>1s</arg>
<doc>Pauses the test executed for the given time.</doc>
<msg timestamp="20230220 20:02:44.097" level="INFO">Slept 1 second</msg>
<status status="PASS" starttime="20230220 20:02:43.095" endtime="20230220 20:02:44.097"/>
</kw>
<status status="PASS" starttime="20230220 20:02:41.874" endtime="20230220 20:02:44.097"/>
</kw>
<kw name="Verify Error Message" library="SignIn">
<arg>${LoginScenario}</arg>
<kw name="Get Text" library="Browser">
<arg>${Credentials[2]}</arg>
<arg>contains</arg>
<arg>${Credentials[3]}</arg>
<tag>Assertion</tag>
<tag>Getter</tag>
<tag>PageContent</tag>
<doc>Returns text attribute of the element found by ``selector``.</doc>
<msg timestamp="20230220 20:02:44.212" level="INFO">Text: 'Your email or password was not recognized. Try again soon.'</msg>
<status status="PASS" starttime="20230220 20:02:44.099" endtime="20230220 20:02:44.212"/>
</kw>
<status status="PASS" starttime="20230220 20:02:44.098" endtime="20230220 20:02:44.212"/>
</kw>
<status status="PASS" starttime="20230220 20:02:38.560" endtime="20230220 20:02:44.212"/>
</iter>
<iter>
<var name="${LoginScenario}">['bryan@bryanlamb.com', 'TestPassword!', 'css=p.sds-notification__desc', 'Your email or password was not recognized. Try again soon.']</var>
<kw name="Navigate to Sign In Page" library="CarsApp">
<kw name="Navigate To" library="SignIn">
<kw name="Click" library="Browser">
<arg>${MENU_BUTTON}</arg>
<tag>PageContent</tag>
<tag>Setter</tag>
<doc>Simulates mouse click on the element found by ``selector``.</doc>
<status status="PASS" starttime="20230220 20:02:44.213" endtime="20230220 20:02:44.287"/>
</kw>
<kw name="Click" library="Browser">
<arg>${SIGN_IN_BUTTON}</arg>
<tag>PageContent</tag>
<tag>Setter</tag>
<doc>Simulates mouse click on the element found by ``selector``.</doc>
<status status="PASS" starttime="20230220 20:02:44.287" endtime="20230220 20:02:44.389"/>
</kw>
<kw name="Sleep" library="BuiltIn">
<arg>3s</arg>
<doc>Pauses the test executed for the given time.</doc>
<msg timestamp="20230220 20:02:47.391" level="INFO">Slept 3 seconds</msg>
<status status="PASS" starttime="20230220 20:02:44.389" endtime="20230220 20:02:47.391"/>
</kw>
<status status="PASS" starttime="20230220 20:02:44.213" endtime="20230220 20:02:47.391"/>
</kw>
<status status="PASS" starttime="20230220 20:02:44.213" endtime="20230220 20:02:47.391"/>
</kw>
<kw name="Attempt Login" library="CarsApp">
<arg>${LoginScenario}</arg>
<kw name="Enter Credentials" library="SignIn">
<arg>${Credentials}</arg>
<kw name="Type Text" library="Browser">
<arg>${SIGN_IN_EMAIL}</arg>
<arg>${Credentials[0]}</arg>
<tag>PageContent</tag>
<tag>Setter</tag>
<doc>Types the given ``txt`` into the text field found by ``selector``.</doc>
<msg timestamp="20230220 20:02:47.393" level="INFO">Types the text 'bryan@bryanlamb.com' in the given field.</msg>
<status status="PASS" starttime="20230220 20:02:47.392" endtime="20230220 20:02:47.467"/>
</kw>
<kw name="Type Text" library="Browser">
<arg>${SIGN_IN_PASSWORD}</arg>
<arg>${Credentials[1]}</arg>
<tag>PageContent</tag>
<tag>Setter</tag>
<doc>Types the given ``txt`` into the text field found by ``selector``.</doc>
<msg timestamp="20230220 20:02:47.468" level="INFO">Types the text 'TestPassword!' in the given field.</msg>
<status status="PASS" starttime="20230220 20:02:47.467" endtime="20230220 20:02:47.515"/>
</kw>
<status status="PASS" starttime="20230220 20:02:47.391" endtime="20230220 20:02:47.515"/>
</kw>
<kw name="Click Submit" library="SignIn">
<kw name="Click" library="Browser">
<arg>${LOGIN_SUBMIT_BUTTON}</arg>
<tag>PageContent</tag>
<tag>Setter</tag>
<doc>Simulates mouse click on the element found by ``selector``.</doc>
<status status="PASS" starttime="20230220 20:02:47.515" endtime="20230220 20:02:48.884"/>
</kw>
<status status="PASS" starttime="20230220 20:02:47.515" endtime="20230220 20:02:48.884"/>
</kw>
<kw name="Sleep" library="BuiltIn">
<arg>1s</arg>
<doc>Pauses the test executed for the given time.</doc>
<msg timestamp="20230220 20:02:49.896" level="INFO">Slept 1 second</msg>
<status status="PASS" starttime="20230220 20:02:48.885" endtime="20230220 20:02:49.896"/>
</kw>
<status status="PASS" starttime="20230220 20:02:47.391" endtime="20230220 20:02:49.896"/>
</kw>
<kw name="Verify Error Message" library="SignIn">
<arg>${LoginScenario}</arg>
<kw name="Get Text" library="Browser">
<arg>${Credentials[2]}</arg>
<arg>contains</arg>
<arg>${Credentials[3]}</arg>
<tag>Assertion</tag>
<tag>Getter</tag>
<tag>PageContent</tag>
<doc>Returns text attribute of the element found by ``selector``.</doc>
<msg timestamp="20230220 20:02:49.952" level="INFO">Text: 'Your email or password was not recognized. Try again soon.'</msg>
<status status="PASS" starttime="20230220 20:02:49.896" endtime="20230220 20:02:49.952"/>
</kw>
<status status="PASS" starttime="20230220 20:02:49.896" endtime="20230220 20:02:49.952"/>
</kw>
<status status="PASS" starttime="20230220 20:02:44.213" endtime="20230220 20:02:49.952"/>
</iter>
<iter>
<var name="${LoginScenario}">['', '', 'css=div.sds-field[slot="emailField"] &gt; span.sds-helper-text', 'Enter your email.']</var>
<kw name="Navigate to Sign In Page" library="CarsApp">
<kw name="Navigate To" library="SignIn">
<kw name="Click" library="Browser">
<arg>${MENU_BUTTON}</arg>
<tag>PageContent</tag>
<tag>Setter</tag>
<doc>Simulates mouse click on the element found by ``selector``.</doc>
<status status="PASS" starttime="20230220 20:02:49.953" endtime="20230220 20:02:50.079"/>
</kw>
<kw name="Click" library="Browser">
<arg>${SIGN_IN_BUTTON}</arg>
<tag>PageContent</tag>
<tag>Setter</tag>
<doc>Simulates mouse click on the element found by ``selector``.</doc>
<status status="PASS" starttime="20230220 20:02:50.079" endtime="20230220 20:02:50.152"/>
</kw>
<kw name="Sleep" library="BuiltIn">
<arg>3s</arg>
<doc>Pauses the test executed for the given time.</doc>
<msg timestamp="20230220 20:02:53.154" level="INFO">Slept 3 seconds</msg>
<status status="PASS" starttime="20230220 20:02:50.152" endtime="20230220 20:02:53.154"/>
</kw>
<status status="PASS" starttime="20230220 20:02:49.952" endtime="20230220 20:02:53.155"/>
</kw>
<status status="PASS" starttime="20230220 20:02:49.952" endtime="20230220 20:02:53.155"/>
</kw>
<kw name="Attempt Login" library="CarsApp">
<arg>${LoginScenario}</arg>
<kw name="Enter Credentials" library="SignIn">
<arg>${Credentials}</arg>
<kw name="Type Text" library="Browser">
<arg>${SIGN_IN_EMAIL}</arg>
<arg>${Credentials[0]}</arg>
<tag>PageContent</tag>
<tag>Setter</tag>
<doc>Types the given ``txt`` into the text field found by ``selector``.</doc>
<msg timestamp="20230220 20:02:53.158" level="INFO">Types the text '' in the given field.</msg>
<status status="PASS" starttime="20230220 20:02:53.157" endtime="20230220 20:02:53.186"/>
</kw>
<kw name="Type Text" library="Browser">
<arg>${SIGN_IN_PASSWORD}</arg>
<arg>${Credentials[1]}</arg>
<tag>PageContent</tag>
<tag>Setter</tag>
<doc>Types the given ``txt`` into the text field found by ``selector``.</doc>
<msg timestamp="20230220 20:02:53.187" level="INFO">Types the text '' in the given field.</msg>
<status status="PASS" starttime="20230220 20:02:53.186" endtime="20230220 20:02:53.202"/>
</kw>
<status status="PASS" starttime="20230220 20:02:53.156" endtime="20230220 20:02:53.202"/>
</kw>
<kw name="Click Submit" library="SignIn">
<kw name="Click" library="Browser">
<arg>${LOGIN_SUBMIT_BUTTON}</arg>
<tag>PageContent</tag>
<tag>Setter</tag>
<doc>Simulates mouse click on the element found by ``selector``.</doc>
<status status="PASS" starttime="20230220 20:02:53.202" endtime="20230220 20:02:53.272"/>
</kw>
<status status="PASS" starttime="20230220 20:02:53.202" endtime="20230220 20:02:53.272"/>
</kw>
<kw name="Sleep" library="BuiltIn">
<arg>1s</arg>
<doc>Pauses the test executed for the given time.</doc>
<msg timestamp="20230220 20:02:54.278" level="INFO">Slept 1 second</msg>
<status status="PASS" starttime="20230220 20:02:53.272" endtime="20230220 20:02:54.278"/>
</kw>
<status status="PASS" starttime="20230220 20:02:53.155" endtime="20230220 20:02:54.279"/>
</kw>
<kw name="Verify Error Message" library="SignIn">
<arg>${LoginScenario}</arg>
<kw name="Get Text" library="Browser">
<arg>${Credentials[2]}</arg>
<arg>contains</arg>
<arg>${Credentials[3]}</arg>
<tag>Assertion</tag>
<tag>Getter</tag>
<tag>PageContent</tag>
<doc>Returns text attribute of the element found by ``selector``.</doc>
<msg timestamp="20230220 20:02:54.300" level="INFO">Text: 'Enter your email.'</msg>
<status status="PASS" starttime="20230220 20:02:54.281" endtime="20230220 20:02:54.300"/>
</kw>
<status status="PASS" starttime="20230220 20:02:54.280" endtime="20230220 20:02:54.300"/>
</kw>
<status status="PASS" starttime="20230220 20:02:49.952" endtime="20230220 20:02:54.300"/>
</iter>
<status status="PASS" starttime="20230220 20:02:38.559" endtime="20230220 20:02:54.301"/>
</for>
<status status="PASS" starttime="20230220 20:02:38.559" endtime="20230220 20:02:54.301"/>
</kw>
<kw name="End Web Test" library="Common" type="TEARDOWN">
<kw name="Close Browser" library="Browser">
<arg>ALL</arg>
<tag>BrowserControl</tag>
<tag>Setter</tag>
<doc>Closes the current browser.</doc>
<msg timestamp="20230220 20:02:54.575" level="INFO">Closed all browsers</msg>
<status status="PASS" starttime="20230220 20:02:54.303" endtime="20230220 20:02:54.575"/>
</kw>
<status status="PASS" starttime="20230220 20:02:54.302" endtime="20230220 20:02:54.576"/>
</kw>
<status status="PASS" starttime="20230220 20:02:35.256" endtime="20230220 20:02:54.576"/>
</test>
<status status="PASS" starttime="20230220 20:02:34.599" endtime="20230220 20:02:54.580"/>
</suite>
<statistics>
<total>
<stat pass="1" fail="0" skip="0">All Tests</stat>
</total>
<tag>
</tag>
<suite>
<stat pass="1" fail="0" skip="0" id="s1" name="Cars">Cars</stat>
</suite>
</statistics>
<errors>
<msg timestamp="20230220 20:02:34.705" level="ERROR">Error in file 'C:\development\robot-scripts\robotframework_course_test_automation_part_2-1\data-driven-ext-base\Tests\Cars.robot' on line 7: Setting 'Test Setup' is not allowed in resource file.</msg>
<msg timestamp="20230220 20:02:34.706" level="ERROR">Error in file 'C:\development\robot-scripts\robotframework_course_test_automation_part_2-1\data-driven-ext-base\Tests\Cars.robot' on line 8: Setting 'Test Teardown' is not allowed in resource file.</msg>
<msg timestamp="20230220 20:02:34.707" level="ERROR">Error in file 'C:\development\robot-scripts\robotframework_course_test_automation_part_2-1\data-driven-ext-base\Resources\PO\SignIn.robot' on line 3: Error in file 'C:\development\robot-scripts\robotframework_course_test_automation_part_2-1\data-driven-ext-base\Tests\Cars.robot' on line 11: Resource file with 'Test Cases' section is invalid.</msg>
<msg timestamp="20230220 20:02:34.710" level="ERROR">Error in file 'C:\development\robot-scripts\robotframework_course_test_automation_part_2-1\data-driven-ext-base\Tests\Cars.robot' on line 7: Setting 'Test Setup' is not allowed in resource file.</msg>
<msg timestamp="20230220 20:02:34.711" level="ERROR">Error in file 'C:\development\robot-scripts\robotframework_course_test_automation_part_2-1\data-driven-ext-base\Tests\Cars.robot' on line 8: Setting 'Test Teardown' is not allowed in resource file.</msg>
<msg timestamp="20230220 20:02:34.712" level="ERROR">Error in file 'C:\development\robot-scripts\robotframework_course_test_automation_part_2-1\data-driven-ext-base\Resources\Common.robot' on line 3: Error in file 'C:\development\robot-scripts\robotframework_course_test_automation_part_2-1\data-driven-ext-base\Tests\Cars.robot' on line 11: Resource file with 'Test Cases' section is invalid.</msg>
</errors>
</robot>
